<?xml version="1.0" encoding="UTF-8"?>
<testng-results skipped="0" failed="0" ignored="0" total="1" passed="1">
  <reporter-output>
  </reporter-output>
  <suite name="Default suite" duration-ms="20102" started-at="2021-05-11T21:40:28 IST" finished-at="2021-05-11T21:40:48 IST">
    <groups>
    </groups>
    <test name="Default test" duration-ms="20102" started-at="2021-05-11T21:40:28 IST" finished-at="2021-05-11T21:40:48 IST">
      <class name="com.keyworkdriven.test.Login">
        <test-method status="PASS" signature="login()[pri:0, instance:com.keyworkdriven.test.Login@2a17b7b6]" name="login" duration-ms="20025" started-at="2021-05-11T21:40:28 IST" finished-at="2021-05-11T21:40:48 IST">
          <reporter-output>
          </reporter-output>
        </test-method> <!-- login -->
      </class> <!-- com.keyworkdriven.test.Login -->
    </test> <!-- Default test -->
  </suite> <!-- Default suite -->
</testng-results>
